<?xml version="1.0" encoding="UTF-8"?>
<testng-results skipped="0" failed="0" ignored="0" total="1" passed="1">
  <reporter-output>
  </reporter-output>
  <suite name="Suite" duration-ms="13075" started-at="2019-04-25T12:06:38Z" finished-at="2019-04-25T12:06:51Z">
    <groups>
    </groups>
    <test name="Test" duration-ms="13075" started-at="2019-04-25T12:06:38Z" finished-at="2019-04-25T12:06:51Z">
      <class name="com.demo.GetTittles">
        <test-method status="PASS" signature="seleniumHQ()[pri:0, instance:com.demo.GetTittles@1ef7fe8e]" name="seleniumHQ" duration-ms="13051" started-at="2019-04-25T12:06:38Z" finished-at="2019-04-25T12:06:51Z">
          <reporter-output>
          </reporter-output>
        </test-method> <!-- seleniumHQ -->
      </class> <!-- com.demo.GetTittles -->
    </test> <!-- Test -->
  </suite> <!-- Suite -->
</testng-results>
