<?xml version="1.0" encoding="UTF-8"?>
<testng-results skipped="0" failed="0" ignored="0" total="1" passed="1">
  <reporter-output>
  </reporter-output>
  <suite name="Suite" duration-ms="14817" started-at="2019-04-26T05:48:14Z" finished-at="2019-04-26T05:48:29Z">
    <groups>
    </groups>
    <test name="Test" duration-ms="14817" started-at="2019-04-26T05:48:14Z" finished-at="2019-04-26T05:48:29Z">
      <class name="com.demo.Demo2">
        <test-method status="PASS" signature="seleniumHQ()[pri:0, instance:com.demo.Demo2@6aceb1a5]" name="seleniumHQ" duration-ms="14793" started-at="2019-04-26T05:48:14Z" finished-at="2019-04-26T05:48:29Z">
          <reporter-output>
          </reporter-output>
        </test-method> <!-- seleniumHQ -->
      </class> <!-- com.demo.Demo2 -->
    </test> <!-- Test -->
  </suite> <!-- Suite -->
</testng-results>
